2022-10-18 15:34:38.810 -05:00 [INF] Starting Hangfire Server using job storage: 'Hangfire.MemoryStorage.MemoryStorage'
2022-10-18 15:34:38.885 -05:00 [INF] Using the following options for Hangfire Server:
    Worker count: 20
    Listening queues: 'default'
    Shutdown timeout: 00:00:15
    Schedule polling interval: 00:00:15
2022-10-18 15:34:39.228 -05:00 [INF] Server desktop-ckst1um:19732:97dc488b successfully announced in 265,9296 ms
2022-10-18 15:34:39.236 -05:00 [INF] Server desktop-ckst1um:19732:97dc488b is starting the registered dispatchers: ServerWatchdog, ServerJobCancellationWatcher, ExpirationManager, CountersAggregator, Worker, DelayedJobScheduler, RecurringJobScheduler...
2022-10-18 15:34:39.367 -05:00 [INF] Server desktop-ckst1um:19732:97dc488b all the dispatchers started
2022-10-18 17:17:34.109 -05:00 [WRN] Las credenciales especificadas son incorrectas o el usuario no está activo.
   at Application.MainModule.PostulantAppService.Login(LoginPostulantDto registerCompanyDto) in C:\Users\ADM\Desktop\apijobagnetantesde\JobagAPINet\Application.MainModule\PostulantAppService.cs:line 124
   at Distributed.Services.Controllers.PostulantController.LoginPostulant(LoginPostulantDto loginCompany) in C:\Users\ADM\Desktop\apijobagnetantesde\JobagAPINet\Distributed.Services\Controllers\PostulantController.cs:line 40
   at Microsoft.AspNetCore.Mvc.Infrastructure.ActionMethodExecutor.TaskOfIActionResultExecutor.Execute(IActionResultTypeMapper mapper, ObjectMethodExecutor executor, Object controller, Object[] arguments)
   at Microsoft.AspNetCore.Mvc.Infrastructure.ControllerActionInvoker.<InvokeActionMethodAsync>g__Awaited|12_0(ControllerActionInvoker invoker, ValueTask`1 actionResultValueTask)
   at Microsoft.AspNetCore.Mvc.Infrastructure.ControllerActionInvoker.<InvokeNextActionFilterAsync>g__Awaited|10_0(ControllerActionInvoker invoker, Task lastTask, State next, Scope scope, Object state, Boolean isCompleted)
   at Microsoft.AspNetCore.Mvc.Infrastructure.ControllerActionInvoker.Rethrow(ActionExecutedContextSealed context)
   at Microsoft.AspNetCore.Mvc.Infrastructure.ControllerActionInvoker.Next(State& next, Scope& scope, Object& state, Boolean& isCompleted)
   at Microsoft.AspNetCore.Mvc.Infrastructure.ControllerActionInvoker.<InvokeInnerFilterAsync>g__Awaited|13_0(ControllerActionInvoker invoker, Task lastTask, State next, Scope scope, Object state, Boolean isCompleted)
   at Microsoft.AspNetCore.Mvc.Infrastructure.ResourceInvoker.<InvokeFilterPipelineAsync>g__Awaited|20_0(ResourceInvoker invoker, Task lastTask, State next, Scope scope, Object state, Boolean isCompleted)
   at Microsoft.AspNetCore.Mvc.Infrastructure.ResourceInvoker.<InvokeAsync>g__Awaited|17_0(ResourceInvoker invoker, Task task, IDisposable scope)
   at Microsoft.AspNetCore.Mvc.Infrastructure.ResourceInvoker.<InvokeAsync>g__Awaited|17_0(ResourceInvoker invoker, Task task, IDisposable scope)
   at Microsoft.AspNetCore.Routing.EndpointMiddleware.<Invoke>g__AwaitRequestTask|6_0(Endpoint endpoint, Task requestTask, ILogger logger)
   at Microsoft.AspNetCore.Authorization.AuthorizationMiddleware.Invoke(HttpContext context)
   at Microsoft.AspNetCore.Authentication.AuthenticationMiddleware.Invoke(HttpContext context)
   at Infrastructure.CrossCutting.Logging.ExceptionHandlingMiddleware.Invoke(HttpContext context) in C:\Users\ADM\Desktop\apijobagnetantesde\JobagAPINet\Infrastructure.CrossCutting\Logging\ExceptionHandlingMiddleware.cs:line 28
2022-10-18 21:00:43.477 -05:00 [INF] Starting Hangfire Server using job storage: 'Hangfire.MemoryStorage.MemoryStorage'
2022-10-18 21:00:43.521 -05:00 [INF] Using the following options for Hangfire Server:
    Worker count: 20
    Listening queues: 'default'
    Shutdown timeout: 00:00:15
    Schedule polling interval: 00:00:15
2022-10-18 21:00:43.751 -05:00 [INF] Server desktop-ckst1um:16116:ef06b253 successfully announced in 193,5288 ms
2022-10-18 21:00:43.757 -05:00 [INF] Server desktop-ckst1um:16116:ef06b253 is starting the registered dispatchers: ServerWatchdog, ServerJobCancellationWatcher, ExpirationManager, CountersAggregator, Worker, DelayedJobScheduler, RecurringJobScheduler...
2022-10-18 21:00:43.829 -05:00 [INF] Server desktop-ckst1um:16116:ef06b253 all the dispatchers started
2022-10-18 21:02:16.691 -05:00 [WRN] Las credenciales especificadas son incorrectas o el usuario no está activo.
   at Application.MainModule.PostulantAppService.Login(LoginPostulantDto registerCompanyDto) in C:\Users\ADM\Desktop\apijobagnetantesde\JobagAPINet\Application.MainModule\PostulantAppService.cs:line 124
   at Distributed.Services.Controllers.PostulantController.LoginPostulant(LoginPostulantDto loginCompany) in C:\Users\ADM\Desktop\apijobagnetantesde\JobagAPINet\Distributed.Services\Controllers\PostulantController.cs:line 40
   at Microsoft.AspNetCore.Mvc.Infrastructure.ActionMethodExecutor.TaskOfIActionResultExecutor.Execute(IActionResultTypeMapper mapper, ObjectMethodExecutor executor, Object controller, Object[] arguments)
   at Microsoft.AspNetCore.Mvc.Infrastructure.ControllerActionInvoker.<InvokeActionMethodAsync>g__Awaited|12_0(ControllerActionInvoker invoker, ValueTask`1 actionResultValueTask)
   at Microsoft.AspNetCore.Mvc.Infrastructure.ControllerActionInvoker.<InvokeNextActionFilterAsync>g__Awaited|10_0(ControllerActionInvoker invoker, Task lastTask, State next, Scope scope, Object state, Boolean isCompleted)
   at Microsoft.AspNetCore.Mvc.Infrastructure.ControllerActionInvoker.Rethrow(ActionExecutedContextSealed context)
   at Microsoft.AspNetCore.Mvc.Infrastructure.ControllerActionInvoker.Next(State& next, Scope& scope, Object& state, Boolean& isCompleted)
   at Microsoft.AspNetCore.Mvc.Infrastructure.ControllerActionInvoker.<InvokeInnerFilterAsync>g__Awaited|13_0(ControllerActionInvoker invoker, Task lastTask, State next, Scope scope, Object state, Boolean isCompleted)
   at Microsoft.AspNetCore.Mvc.Infrastructure.ResourceInvoker.<InvokeFilterPipelineAsync>g__Awaited|20_0(ResourceInvoker invoker, Task lastTask, State next, Scope scope, Object state, Boolean isCompleted)
   at Microsoft.AspNetCore.Mvc.Infrastructure.ResourceInvoker.<InvokeAsync>g__Awaited|17_0(ResourceInvoker invoker, Task task, IDisposable scope)
   at Microsoft.AspNetCore.Mvc.Infrastructure.ResourceInvoker.<InvokeAsync>g__Awaited|17_0(ResourceInvoker invoker, Task task, IDisposable scope)
   at Microsoft.AspNetCore.Routing.EndpointMiddleware.<Invoke>g__AwaitRequestTask|6_0(Endpoint endpoint, Task requestTask, ILogger logger)
   at Microsoft.AspNetCore.Authorization.AuthorizationMiddleware.Invoke(HttpContext context)
   at Microsoft.AspNetCore.Authentication.AuthenticationMiddleware.Invoke(HttpContext context)
   at Infrastructure.CrossCutting.Logging.ExceptionHandlingMiddleware.Invoke(HttpContext context) in C:\Users\ADM\Desktop\apijobagnetantesde\JobagAPINet\Infrastructure.CrossCutting\Logging\ExceptionHandlingMiddleware.cs:line 28
2022-10-18 21:02:18.098 -05:00 [WRN] Las credenciales especificadas son incorrectas o el usuario no está activo.
   at Application.MainModule.PostulantAppService.Login(LoginPostulantDto registerCompanyDto) in C:\Users\ADM\Desktop\apijobagnetantesde\JobagAPINet\Application.MainModule\PostulantAppService.cs:line 124
   at Distributed.Services.Controllers.PostulantController.LoginPostulant(LoginPostulantDto loginCompany) in C:\Users\ADM\Desktop\apijobagnetantesde\JobagAPINet\Distributed.Services\Controllers\PostulantController.cs:line 40
   at Microsoft.AspNetCore.Mvc.Infrastructure.ActionMethodExecutor.TaskOfIActionResultExecutor.Execute(IActionResultTypeMapper mapper, ObjectMethodExecutor executor, Object controller, Object[] arguments)
   at Microsoft.AspNetCore.Mvc.Infrastructure.ControllerActionInvoker.<InvokeActionMethodAsync>g__Awaited|12_0(ControllerActionInvoker invoker, ValueTask`1 actionResultValueTask)
   at Microsoft.AspNetCore.Mvc.Infrastructure.ControllerActionInvoker.<InvokeNextActionFilterAsync>g__Awaited|10_0(ControllerActionInvoker invoker, Task lastTask, State next, Scope scope, Object state, Boolean isCompleted)
   at Microsoft.AspNetCore.Mvc.Infrastructure.ControllerActionInvoker.Rethrow(ActionExecutedContextSealed context)
   at Microsoft.AspNetCore.Mvc.Infrastructure.ControllerActionInvoker.Next(State& next, Scope& scope, Object& state, Boolean& isCompleted)
   at Microsoft.AspNetCore.Mvc.Infrastructure.ControllerActionInvoker.<InvokeInnerFilterAsync>g__Awaited|13_0(ControllerActionInvoker invoker, Task lastTask, State next, Scope scope, Object state, Boolean isCompleted)
   at Microsoft.AspNetCore.Mvc.Infrastructure.ResourceInvoker.<InvokeFilterPipelineAsync>g__Awaited|20_0(ResourceInvoker invoker, Task lastTask, State next, Scope scope, Object state, Boolean isCompleted)
   at Microsoft.AspNetCore.Mvc.Infrastructure.ResourceInvoker.<InvokeAsync>g__Awaited|17_0(ResourceInvoker invoker, Task task, IDisposable scope)
   at Microsoft.AspNetCore.Mvc.Infrastructure.ResourceInvoker.<InvokeAsync>g__Awaited|17_0(ResourceInvoker invoker, Task task, IDisposable scope)
   at Microsoft.AspNetCore.Routing.EndpointMiddleware.<Invoke>g__AwaitRequestTask|6_0(Endpoint endpoint, Task requestTask, ILogger logger)
   at Microsoft.AspNetCore.Authorization.AuthorizationMiddleware.Invoke(HttpContext context)
   at Microsoft.AspNetCore.Authentication.AuthenticationMiddleware.Invoke(HttpContext context)
   at Infrastructure.CrossCutting.Logging.ExceptionHandlingMiddleware.Invoke(HttpContext context) in C:\Users\ADM\Desktop\apijobagnetantesde\JobagAPINet\Infrastructure.CrossCutting\Logging\ExceptionHandlingMiddleware.cs:line 28
2022-10-18 23:45:07.687 -05:00 [INF] Starting Hangfire Server using job storage: 'Hangfire.MemoryStorage.MemoryStorage'
2022-10-18 23:45:07.718 -05:00 [INF] Using the following options for Hangfire Server:
    Worker count: 20
    Listening queues: 'default'
    Shutdown timeout: 00:00:15
    Schedule polling interval: 00:00:15
2022-10-18 23:45:07.956 -05:00 [INF] Server desktop-ckst1um:22068:c8d33fe1 successfully announced in 205,0722 ms
2022-10-18 23:45:07.961 -05:00 [INF] Server desktop-ckst1um:22068:c8d33fe1 is starting the registered dispatchers: ServerWatchdog, ServerJobCancellationWatcher, ExpirationManager, CountersAggregator, Worker, DelayedJobScheduler, RecurringJobScheduler...
2022-10-18 23:45:08.035 -05:00 [INF] Server desktop-ckst1um:22068:c8d33fe1 all the dispatchers started
2022-10-18 23:54:23.549 -05:00 [INF] Starting Hangfire Server using job storage: 'Hangfire.MemoryStorage.MemoryStorage'
2022-10-18 23:54:23.578 -05:00 [INF] Using the following options for Hangfire Server:
    Worker count: 20
    Listening queues: 'default'
    Shutdown timeout: 00:00:15
    Schedule polling interval: 00:00:15
2022-10-18 23:54:23.762 -05:00 [INF] Server desktop-ckst1um:30804:4bf673c1 successfully announced in 154,0803 ms
2022-10-18 23:54:23.767 -05:00 [INF] Server desktop-ckst1um:30804:4bf673c1 is starting the registered dispatchers: ServerWatchdog, ServerJobCancellationWatcher, ExpirationManager, CountersAggregator, Worker, DelayedJobScheduler, RecurringJobScheduler...
2022-10-18 23:54:23.839 -05:00 [INF] Server desktop-ckst1um:30804:4bf673c1 all the dispatchers started
